# JRE version: OpenJDK Runtime Environment (17.0.6) (build 17.0.6+0-b2043.56-9586694)
# Java VM: OpenJDK 64-Bit Server VM (17.0.6+0-b2043.56-9586694, mixed mode, tiered, compressed oops, compressed class ptrs, g1 gc, windows-amd64)
GC Precious Log:
 CPUs: 12 total, 12 available
 Memory: 7488M
 Large Page Support: Disabled
 NUMA Support: Disabled
 Compressed Oops: Enabled (32-bit)
 Heap Region Size: 1M
 Heap Min Capacity: 8M
 Heap Initial Capacity: 118M
 Heap Max Capacity: 2G
 Pre-touch: Disabled
 Parallel Workers: 10
 Concurrent Workers: 3
 Concurrent Refinement Workers: 10
 Periodic GC: Disabled
Heap:
 garbage-first heap   total 352256K, used 246266K [0x0000000080000000, 0x0000000100000000)
  region size 1024K, 36 young (36864K), 10 survivors (10240K)
 Metaspace       used 128647K, committed 129664K, reserved 1163264K
  class space    used 16823K, committed 17344K, reserved 1048576K
GC Heap History (20 events):
Event: 17.770 GC heap before
{Heap before GC invocations=57 (full 0):
 garbage-first heap   total 309248K, used 219543K [0x0000000080000000, 0x0000000100000000)
  region size 1024K, 40 young (40960K), 3 survivors (3072K)
 Metaspace       used 96780K, committed 97472K, reserved 1138688K
  class space    used 12929K, committed 13248K, reserved 1048576K
}
Event: 17.773 GC heap after
{Heap after GC invocations=58 (full 0):
 garbage-first heap   total 309248K, used 182148K [0x0000000080000000, 0x0000000100000000)
  region size 1024K, 4 young (4096K), 4 survivors (4096K)
 Metaspace       used 96780K, committed 97472K, reserved 1138688K
  class space    used 12929K, committed 13248K, reserved 1048576K
}
Event: 18.826 GC heap before
{Heap before GC invocations=58 (full 0):
 garbage-first heap   total 309248K, used 228228K [0x0000000080000000, 0x0000000100000000)
  region size 1024K, 49 young (50176K), 4 survivors (4096K)
 Metaspace       used 101846K, committed 102528K, reserved 1138688K
  class space    used 13628K, committed 13952K, reserved 1048576K
}
Event: 18.836 GC heap after
{Heap after GC invocations=59 (full 0):
 garbage-first heap   total 309248K, used 186798K [0x0000000080000000, 0x0000000100000000)
  region size 1024K, 7 young (7168K), 7 survivors (7168K)
 Metaspace       used 101846K, committed 102528K, reserved 1138688K
  class space    used 13628K, committed 13952K, reserved 1048576K
}
Event: 19.254 GC heap before
{Heap before GC invocations=60 (full 0):
 garbage-first heap   total 316416K, used 233902K [0x0000000080000000, 0x0000000100000000)
  region size 1024K, 54 young (55296K), 7 survivors (7168K)
 Metaspace       used 102475K, committed 103232K, reserved 1138688K
  class space    used 13690K, committed 14080K, reserved 1048576K
}
Event: 19.263 GC heap after
{Heap after GC invocations=61 (full 0):
 garbage-first heap   total 316416K, used 190711K [0x0000000080000000, 0x0000000100000000)
  region size 1024K, 5 young (5120K), 5 survivors (5120K)
 Metaspace       used 102475K, committed 103232K, reserved 1138688K
  class space    used 13690K, committed 14080K, reserved 1048576K
}
Event: 19.339 GC heap before
{Heap before GC invocations=61 (full 0):
 garbage-first heap   total 316416K, used 199927K [0x0000000080000000, 0x0000000100000000)
  region size 1024K, 15 young (15360K), 5 survivors (5120K)
 Metaspace       used 102551K, committed 103296K, reserved 1138688K
  class space    used 13692K, committed 14080K, reserved 1048576K
}
Event: 19.342 GC heap after
{Heap after GC invocations=62 (full 0):
 garbage-first heap   total 316416K, used 191118K [0x0000000080000000, 0x0000000100000000)
  region size 1024K, 2 young (2048K), 2 survivors (2048K)
 Metaspace       used 102551K, committed 103296K, reserved 1138688K
  class space    used 13692K, committed 14080K, reserved 1048576K
}
Event: 20.009 GC heap before
{Heap before GC invocations=62 (full 0):
 garbage-first heap   total 316416K, used 244366K [0x0000000080000000, 0x0000000100000000)
  region size 1024K, 55 young (56320K), 2 survivors (2048K)
 Metaspace       used 104477K, committed 105280K, reserved 1146880K
  class space    used 13899K, committed 14272K, reserved 1048576K
}
Event: 20.014 GC heap after
{Heap after GC invocations=63 (full 0):
 garbage-first heap   total 316416K, used 195042K [0x0000000080000000, 0x0000000100000000)
  region size 1024K, 5 young (5120K), 5 survivors (5120K)
 Metaspace       used 104477K, committed 105280K, reserved 1146880K
  class space    used 13899K, committed 14272K, reserved 1048576K
}
Event: 21.103 GC heap before
{Heap before GC invocations=64 (full 0):
 garbage-first heap   total 352256K, used 249314K [0x0000000080000000, 0x0000000100000000)
  region size 1024K, 59 young (60416K), 5 survivors (5120K)
 Metaspace       used 108146K, committed 109056K, reserved 1146880K
  class space    used 14368K, committed 14784K, reserved 1048576K
}
Event: 21.109 GC heap after
{Heap after GC invocations=65 (full 0):
 garbage-first heap   total 352256K, used 197219K [0x0000000080000000, 0x0000000100000000)
  region size 1024K, 3 young (3072K), 3 survivors (3072K)
 Metaspace       used 108146K, committed 109056K, reserved 1146880K
  class space    used 14368K, committed 14784K, reserved 1048576K
}
Event: 22.012 GC heap before
{Heap before GC invocations=65 (full 0):
 garbage-first heap   total 352256K, used 275043K [0x0000000080000000, 0x0000000100000000)
  region size 1024K, 79 young (80896K), 3 survivors (3072K)
 Metaspace       used 118510K, committed 119360K, reserved 1155072K
  class space    used 15740K, committed 16128K, reserved 1048576K
}
Event: 22.018 GC heap after
{Heap after GC invocations=66 (full 0):
 garbage-first heap   total 352256K, used 203823K [0x0000000080000000, 0x0000000100000000)
  region size 1024K, 9 young (9216K), 9 survivors (9216K)
 Metaspace       used 118510K, committed 119360K, reserved 1155072K
  class space    used 15740K, committed 16128K, reserved 1048576K
}
Event: 135.106 GC heap before
{Heap before GC invocations=67 (full 0):
 garbage-first heap   total 352256K, used 281647K [0x0000000080000000, 0x0000000100000000)
  region size 1024K, 86 young (88064K), 9 survivors (9216K)
 Metaspace       used 126376K, committed 127296K, reserved 1163264K
  class space    used 16568K, committed 17024K, reserved 1048576K
}
Event: 135.377 GC heap after
{Heap after GC invocations=68 (full 0):
 garbage-first heap   total 352256K, used 210409K [0x0000000080000000, 0x0000000100000000)
  region size 1024K, 7 young (7168K), 7 survivors (7168K)
 Metaspace       used 126376K, committed 127296K, reserved 1163264K
  class space    used 16568K, committed 17024K, reserved 1048576K
}
Event: 135.568 GC heap before
{Heap before GC invocations=68 (full 0):
 garbage-first heap   total 352256K, used 219625K [0x0000000080000000, 0x0000000100000000)
  region size 1024K, 17 young (17408K), 7 survivors (7168K)
 Metaspace       used 126451K, committed 127424K, reserved 1163264K
  class space    used 16572K, committed 17024K, reserved 1048576K
}
Event: 135.594 GC heap after
{Heap after GC invocations=69 (full 0):
 garbage-first heap   total 352256K, used 211454K [0x0000000080000000, 0x0000000100000000)
  region size 1024K, 2 young (2048K), 2 survivors (2048K)
 Metaspace       used 126451K, committed 127424K, reserved 1163264K
  class space    used 16572K, committed 17024K, reserved 1048576K
}
Event: 138.517 GC heap before
{Heap before GC invocations=69 (full 0):
 garbage-first heap   total 352256K, used 287230K [0x0000000080000000, 0x0000000100000000)
  region size 1024K, 76 young (77824K), 2 survivors (2048K)
 Metaspace       used 128604K, committed 129600K, reserved 1163264K
  class space    used 16819K, committed 17280K, reserved 1048576K
}
Event: 138.545 GC heap after
{Heap after GC invocations=70 (full 0):
 garbage-first heap   total 352256K, used 220666K [0x0000000080000000, 0x0000000100000000)
  region size 1024K, 10 young (10240K), 10 survivors (10240K)
 Metaspace       used 128604K, committed 129600K, reserved 1163264K
  class space    used 16819K, committed 17280K, reserved 1048576K
}

