# JRE version: OpenJDK Runtime Environment (17.0.6) (build 17.0.6+0-b2043.56-9586694)
# Java VM: OpenJDK 64-Bit Server VM (17.0.6+0-b2043.56-9586694, mixed mode, tiered, compressed oops, compressed class ptrs, g1 gc, windows-amd64)
GC Precious Log:
 CPUs: 12 total, 12 available
 Memory: 7488M
 Large Page Support: Disabled
 NUMA Support: Disabled
 Compressed Oops: Enabled (32-bit)
 Heap Region Size: 1M
 Heap Min Capacity: 8M
 Heap Initial Capacity: 118M
 Heap Max Capacity: 1874M
 Pre-touch: Disabled
 Parallel Workers: 10
 Concurrent Workers: 3
 Concurrent Refinement Workers: 10
 Periodic GC: Disabled
Heap:
 garbage-first heap   total 57344K, used 38466K [0x000000008ae00000, 0x0000000100000000)
  region size 1024K, 14 young (14336K), 3 survivors (3072K)
 Metaspace       used 45624K, committed 45888K, reserved 1097728K
  class space    used 5537K, committed 5632K, reserved 1048576K
GC Heap History (20 events):
Event: 1.890 GC heap before
{Heap before GC invocations=1 (full 0):
 garbage-first heap   total 120832K, used 37747K [0x000000008ae00000, 0x0000000100000000)
  region size 1024K, 34 young (34816K), 3 survivors (3072K)
 Metaspace       used 21302K, committed 21504K, reserved 1073152K
  class space    used 2321K, committed 2432K, reserved 1048576K
}
Event: 1.899 GC heap after
{Heap after GC invocations=2 (full 0):
 garbage-first heap   total 120832K, used 10506K [0x000000008ae00000, 0x0000000100000000)
  region size 1024K, 4 young (4096K), 4 survivors (4096K)
 Metaspace       used 21302K, committed 21504K, reserved 1073152K
  class space    used 2321K, committed 2432K, reserved 1048576K
}
Event: 2.357 GC heap before
{Heap before GC invocations=3 (full 0):
 garbage-first heap   total 40960K, used 33034K [0x000000008ae00000, 0x0000000100000000)
  region size 1024K, 23 young (23552K), 4 survivors (4096K)
 Metaspace       used 27060K, committed 27328K, reserved 1073152K
  class space    used 2971K, committed 3072K, reserved 1048576K
}
Event: 2.365 GC heap after
{Heap after GC invocations=4 (full 0):
 garbage-first heap   total 40960K, used 16297K [0x000000008ae00000, 0x0000000100000000)
  region size 1024K, 2 young (2048K), 2 survivors (2048K)
 Metaspace       used 27060K, committed 27328K, reserved 1073152K
  class space    used 2971K, committed 3072K, reserved 1048576K
}
Event: 2.418 GC heap before
{Heap before GC invocations=4 (full 0):
 garbage-first heap   total 40960K, used 17321K [0x000000008ae00000, 0x0000000100000000)
  region size 1024K, 3 young (3072K), 2 survivors (2048K)
 Metaspace       used 27452K, committed 27712K, reserved 1081344K
  class space    used 3017K, committed 3136K, reserved 1048576K
}
Event: 2.421 GC heap after
{Heap after GC invocations=5 (full 0):
 garbage-first heap   total 40960K, used 16715K [0x000000008ae00000, 0x0000000100000000)
  region size 1024K, 1 young (1024K), 1 survivors (1024K)
 Metaspace       used 27452K, committed 27712K, reserved 1081344K
  class space    used 3017K, committed 3136K, reserved 1048576K
}
Event: 3.148 GC heap before
{Heap before GC invocations=5 (full 0):
 garbage-first heap   total 40960K, used 31051K [0x000000008ae00000, 0x0000000100000000)
  region size 1024K, 15 young (15360K), 1 survivors (1024K)
 Metaspace       used 30991K, committed 31168K, reserved 1081344K
  class space    used 3765K, committed 3840K, reserved 1048576K
}
Event: 3.153 GC heap after
{Heap after GC invocations=6 (full 0):
 garbage-first heap   total 40960K, used 18311K [0x000000008ae00000, 0x0000000100000000)
  region size 1024K, 2 young (2048K), 2 survivors (2048K)
 Metaspace       used 30991K, committed 31168K, reserved 1081344K
  class space    used 3765K, committed 3840K, reserved 1048576K
}
Event: 3.371 GC heap before
{Heap before GC invocations=6 (full 0):
 garbage-first heap   total 40960K, used 32647K [0x000000008ae00000, 0x0000000100000000)
  region size 1024K, 15 young (15360K), 2 survivors (2048K)
 Metaspace       used 32466K, committed 32704K, reserved 1081344K
  class space    used 4138K, committed 4224K, reserved 1048576K
}
Event: 3.378 GC heap after
{Heap after GC invocations=7 (full 0):
 garbage-first heap   total 40960K, used 23777K [0x000000008ae00000, 0x0000000100000000)
  region size 1024K, 2 young (2048K), 2 survivors (2048K)
 Metaspace       used 32466K, committed 32704K, reserved 1081344K
  class space    used 4138K, committed 4224K, reserved 1048576K
}
Event: 3.627 GC heap before
{Heap before GC invocations=7 (full 0):
 garbage-first heap   total 40960K, used 30945K [0x000000008ae00000, 0x0000000100000000)
  region size 1024K, 10 young (10240K), 2 survivors (2048K)
 Metaspace       used 34781K, committed 35008K, reserved 1081344K
  class space    used 4402K, committed 4480K, reserved 1048576K
}
Event: 3.631 GC heap after
{Heap after GC invocations=8 (full 0):
 garbage-first heap   total 40960K, used 24893K [0x000000008ae00000, 0x0000000100000000)
  region size 1024K, 1 young (1024K), 1 survivors (1024K)
 Metaspace       used 34781K, committed 35008K, reserved 1081344K
  class space    used 4402K, committed 4480K, reserved 1048576K
}
Event: 4.994 GC heap before
{Heap before GC invocations=9 (full 0):
 garbage-first heap   total 45056K, used 31037K [0x000000008ae00000, 0x0000000100000000)
  region size 1024K, 7 young (7168K), 1 survivors (1024K)
 Metaspace       used 35691K, committed 35904K, reserved 1081344K
  class space    used 4518K, committed 4608K, reserved 1048576K
}
Event: 4.996 GC heap after
{Heap after GC invocations=10 (full 0):
 garbage-first heap   total 57344K, used 25998K [0x000000008ae00000, 0x0000000100000000)
  region size 1024K, 1 young (1024K), 1 survivors (1024K)
 Metaspace       used 35691K, committed 35904K, reserved 1081344K
  class space    used 4518K, committed 4608K, reserved 1048576K
}
Event: 5.012 GC heap before
{Heap before GC invocations=10 (full 0):
 garbage-first heap   total 57344K, used 25998K [0x000000008ae00000, 0x0000000100000000)
  region size 1024K, 2 young (2048K), 1 survivors (1024K)
 Metaspace       used 35877K, committed 36096K, reserved 1081344K
  class space    used 4539K, committed 4608K, reserved 1048576K
}
Event: 5.015 GC heap after
{Heap after GC invocations=11 (full 0):
 garbage-first heap   total 57344K, used 24069K [0x000000008ae00000, 0x0000000100000000)
  region size 1024K, 1 young (1024K), 1 survivors (1024K)
 Metaspace       used 35877K, committed 36096K, reserved 1081344K
  class space    used 4539K, committed 4608K, reserved 1048576K
}
Event: 5.298 GC heap before
{Heap before GC invocations=11 (full 0):
 garbage-first heap   total 57344K, used 39429K [0x000000008ae00000, 0x0000000100000000)
  region size 1024K, 17 young (17408K), 1 survivors (1024K)
 Metaspace       used 39034K, committed 39296K, reserved 1089536K
  class space    used 4880K, committed 4992K, reserved 1048576K
}
Event: 5.302 GC heap after
{Heap after GC invocations=12 (full 0):
 garbage-first heap   total 57344K, used 25913K [0x000000008ae00000, 0x0000000100000000)
  region size 1024K, 2 young (2048K), 2 survivors (2048K)
 Metaspace       used 39034K, committed 39296K, reserved 1089536K
  class space    used 4880K, committed 4992K, reserved 1048576K
}
Event: 5.543 GC heap before
{Heap before GC invocations=12 (full 0):
 garbage-first heap   total 57344K, used 41273K [0x000000008ae00000, 0x0000000100000000)
  region size 1024K, 18 young (18432K), 2 survivors (2048K)
 Metaspace       used 42384K, committed 42560K, reserved 1089536K
  class space    used 5171K, committed 5248K, reserved 1048576K
}
Event: 5.548 GC heap after
{Heap after GC invocations=13 (full 0):
 garbage-first heap   total 57344K, used 28226K [0x000000008ae00000, 0x0000000100000000)
  region size 1024K, 3 young (3072K), 3 survivors (3072K)
 Metaspace       used 42384K, committed 42560K, reserved 1089536K
  class space    used 5171K, committed 5248K, reserved 1048576K
}

