# JRE version: OpenJDK Runtime Environment (17.0.6) (build 17.0.6+0-b2043.56-9586694)
# Java VM: OpenJDK 64-Bit Server VM (17.0.6+0-b2043.56-9586694, mixed mode, tiered, compressed oops, compressed class ptrs, g1 gc, windows-amd64)
GC Precious Log:
 CPUs: 12 total, 12 available
 Memory: 7488M
 Large Page Support: Disabled
 NUMA Support: Disabled
 Compressed Oops: Enabled (32-bit)
 Heap Region Size: 1M
 Heap Min Capacity: 8M
 Heap Initial Capacity: 118M
 Heap Max Capacity: 2G
 Pre-touch: Disabled
 Parallel Workers: 10
 Concurrent Workers: 3
 Concurrent Refinement Workers: 10
 Periodic GC: Disabled
Heap:
 garbage-first heap   total 340992K, used 131535K [0x0000000080000000, 0x0000000100000000)
  region size 1024K, 35 young (35840K), 1 survivors (1024K)
 Metaspace       used 94412K, committed 95040K, reserved 1138688K
  class space    used 12714K, committed 12992K, reserved 1048576K
GC Heap History (20 events):
Event: 12.527 GC heap before
{Heap before GC invocations=28 (full 0):
 garbage-first heap   total 157696K, used 118174K [0x0000000080000000, 0x0000000100000000)
  region size 1024K, 58 young (59392K), 6 survivors (6144K)
 Metaspace       used 75015K, committed 75648K, reserved 1122304K
  class space    used 9955K, committed 10240K, reserved 1048576K
}
Event: 12.532 GC heap after
{Heap after GC invocations=29 (full 0):
 garbage-first heap   total 157696K, used 69702K [0x0000000080000000, 0x0000000100000000)
  region size 1024K, 8 young (8192K), 8 survivors (8192K)
 Metaspace       used 75015K, committed 75648K, reserved 1122304K
  class space    used 9955K, committed 10240K, reserved 1048576K
}
Event: 13.211 GC heap before
{Heap before GC invocations=29 (full 0):
 garbage-first heap   total 157696K, used 120902K [0x0000000080000000, 0x0000000100000000)
  region size 1024K, 58 young (59392K), 8 survivors (8192K)
 Metaspace       used 80631K, committed 81216K, reserved 1122304K
  class space    used 10833K, committed 11136K, reserved 1048576K
}
Event: 13.217 GC heap after
{Heap after GC invocations=30 (full 0):
 garbage-first heap   total 157696K, used 72990K [0x0000000080000000, 0x0000000100000000)
  region size 1024K, 4 young (4096K), 4 survivors (4096K)
 Metaspace       used 80631K, committed 81216K, reserved 1122304K
  class space    used 10833K, committed 11136K, reserved 1048576K
}
Event: 13.969 GC heap before
{Heap before GC invocations=30 (full 0):
 garbage-first heap   total 157696K, used 124190K [0x0000000080000000, 0x0000000100000000)
  region size 1024K, 54 young (55296K), 4 survivors (4096K)
 Metaspace       used 86911K, committed 87552K, reserved 1130496K
  class space    used 11752K, committed 12032K, reserved 1048576K
}
Event: 13.975 GC heap after
{Heap after GC invocations=31 (full 0):
 garbage-first heap   total 157696K, used 76557K [0x0000000080000000, 0x0000000100000000)
  region size 1024K, 7 young (7168K), 7 survivors (7168K)
 Metaspace       used 86911K, committed 87552K, reserved 1130496K
  class space    used 11752K, committed 12032K, reserved 1048576K
}
Event: 14.519 GC heap before
{Heap before GC invocations=31 (full 0):
 garbage-first heap   total 157696K, used 125709K [0x0000000080000000, 0x0000000100000000)
  region size 1024K, 55 young (56320K), 7 survivors (7168K)
 Metaspace       used 89607K, committed 90304K, reserved 1130496K
  class space    used 12118K, committed 12416K, reserved 1048576K
}
Event: 14.527 GC heap after
{Heap after GC invocations=32 (full 0):
 garbage-first heap   total 157696K, used 82378K [0x0000000080000000, 0x0000000100000000)
  region size 1024K, 6 young (6144K), 6 survivors (6144K)
 Metaspace       used 89607K, committed 90304K, reserved 1130496K
  class space    used 12118K, committed 12416K, reserved 1048576K
}
Event: 14.814 GC heap before
{Heap before GC invocations=32 (full 0):
 garbage-first heap   total 157696K, used 126410K [0x0000000080000000, 0x0000000100000000)
  region size 1024K, 49 young (50176K), 6 survivors (6144K)
 Metaspace       used 90118K, committed 90752K, reserved 1130496K
  class space    used 12155K, committed 12480K, reserved 1048576K
}
Event: 14.822 GC heap after
{Heap after GC invocations=33 (full 0):
 garbage-first heap   total 157696K, used 90112K [0x0000000080000000, 0x0000000100000000)
  region size 1024K, 7 young (7168K), 7 survivors (7168K)
 Metaspace       used 90118K, committed 90752K, reserved 1130496K
  class space    used 12155K, committed 12480K, reserved 1048576K
}
Event: 15.414 GC heap before
{Heap before GC invocations=34 (full 0):
 garbage-first heap   total 157696K, used 125952K [0x0000000080000000, 0x0000000100000000)
  region size 1024K, 43 young (44032K), 7 survivors (7168K)
 Metaspace       used 93349K, committed 94016K, reserved 1130496K
  class space    used 12601K, committed 12928K, reserved 1048576K
}
Event: 15.422 GC heap after
{Heap after GC invocations=35 (full 0):
 garbage-first heap   total 157696K, used 94751K [0x0000000080000000, 0x0000000100000000)
  region size 1024K, 5 young (5120K), 5 survivors (5120K)
 Metaspace       used 93349K, committed 94016K, reserved 1130496K
  class space    used 12601K, committed 12928K, reserved 1048576K
}
Event: 15.436 GC heap before
{Heap before GC invocations=35 (full 0):
 garbage-first heap   total 157696K, used 96799K [0x0000000080000000, 0x0000000100000000)
  region size 1024K, 7 young (7168K), 5 survivors (5120K)
 Metaspace       used 93471K, committed 94144K, reserved 1138688K
  class space    used 12636K, committed 12928K, reserved 1048576K
}
Event: 15.442 GC heap after
{Heap after GC invocations=36 (full 0):
 garbage-first heap   total 157696K, used 95063K [0x0000000080000000, 0x0000000100000000)
  region size 1024K, 1 young (1024K), 1 survivors (1024K)
 Metaspace       used 93471K, committed 94144K, reserved 1138688K
  class space    used 12636K, committed 12928K, reserved 1048576K
}
Event: 15.630 GC heap before
{Heap before GC invocations=36 (full 0):
 garbage-first heap   total 157696K, used 127831K [0x0000000080000000, 0x0000000100000000)
  region size 1024K, 34 young (34816K), 1 survivors (1024K)
 Metaspace       used 93758K, committed 94464K, reserved 1138688K
  class space    used 12673K, committed 12992K, reserved 1048576K
}
Event: 15.633 GC heap after
{Heap after GC invocations=37 (full 0):
 garbage-first heap   total 157696K, used 96448K [0x0000000080000000, 0x0000000100000000)
  region size 1024K, 3 young (3072K), 3 survivors (3072K)
 Metaspace       used 93758K, committed 94464K, reserved 1138688K
  class space    used 12673K, committed 12992K, reserved 1048576K
}
Event: 16.004 GC heap before
{Heap before GC invocations=38 (full 0):
 garbage-first heap   total 178176K, used 128192K [0x0000000080000000, 0x0000000100000000)
  region size 1024K, 35 young (35840K), 3 survivors (3072K)
 Metaspace       used 94022K, committed 94720K, reserved 1138688K
  class space    used 12684K, committed 12992K, reserved 1048576K
}
Event: 16.008 GC heap after
{Heap after GC invocations=39 (full 0):
 garbage-first heap   total 178176K, used 98615K [0x0000000080000000, 0x0000000100000000)
  region size 1024K, 5 young (5120K), 5 survivors (5120K)
 Metaspace       used 94022K, committed 94720K, reserved 1138688K
  class space    used 12684K, committed 12992K, reserved 1048576K
}
Event: 16.064 GC heap before
{Heap before GC invocations=39 (full 0):
 garbage-first heap   total 178176K, used 100663K [0x0000000080000000, 0x0000000100000000)
  region size 1024K, 8 young (8192K), 5 survivors (5120K)
 Metaspace       used 94172K, committed 94848K, reserved 1138688K
  class space    used 12710K, committed 12992K, reserved 1048576K
}
Event: 16.069 GC heap after
{Heap after GC invocations=40 (full 0):
 garbage-first heap   total 340992K, used 98767K [0x0000000080000000, 0x0000000100000000)
  region size 1024K, 1 young (1024K), 1 survivors (1024K)
 Metaspace       used 94172K, committed 94848K, reserved 1138688K
  class space    used 12710K, committed 12992K, reserved 1048576K
}

